#-----------------------------------------------------------
# Vivado v2019.1 (64-bit)
# SW Build 2552052 on Fri May 24 14:49:42 MDT 2019
# IP Build 2548770 on Fri May 24 18:01:18 MDT 2019
# Start of session at: Sat Sep  9 11:33:40 2023
# Process ID: 25572
# Current directory: C:/Users/antar/Desktop/Test1/CH12_OV7670_HDMI
# Command line: vivado.exe -gui_launcher_event rodinguilauncherevent5272 C:\Users\antar\Desktop\Test1\CH12_OV7670_HDMI\ov7670_hdmi.xpr
# Log file: C:/Users/antar/Desktop/Test1/CH12_OV7670_HDMI/vivado.log
# Journal file: C:/Users/antar/Desktop/Test1/CH12_OV7670_HDMI\vivado.jou
#-----------------------------------------------------------
start_gui
open_project C:/Users/antar/Desktop/Test1/CH12_OV7670_HDMI/ov7670_hdmi.xpr
INFO: [Project 1-313] Project file moved from 'C:/Users/shahul/Downloads/OV7670_HDMI/OV7670_HDMI' since last save.
Scanning sources...
Finished scanning sources
WARNING: [filemgmt 56-3] IP Repository Path: Could not find the directory 'C:/Users/backup_files1/new/zynq/ov7670_ip_capture/32to24bit1'.
WARNING: [filemgmt 56-3] IP Repository Path: Could not find the directory 'C:/Users/backup_files1/new/ov7670_hdmi/ov7670_alinx/vivado'.
WARNING: [filemgmt 56-3] IP Repository Path: Could not find the directory 'C:/Users/backup_files1/new/ZYNQ/HDMI_TPG/HDMI_TPG/HDMI_TPG.srcs/sources_1/bd/system/ip/system_hdmi_tx_0_0'.
WARNING: [filemgmt 56-3] IP Repository Path: Could not find the directory 'C:/Users/backup_files1/new/ZYNQ/HDMI_TPG/HDMI_TPG/HDMI_TPG.srcs/sources_1/bd/system/ip/system_axi_dispctrl_0_0'.
INFO: [IP_Flow 19-234] Refreshing IP repositories
WARNING: [IP_Flow 19-2248] Failed to load user IP repository 'c:/Users/backup_files1/new/zynq/ov7670_ip_capture/32to24bit1'; Can't find the specified path.
If this directory should no longer be in your list of user repositories, go to the IP Settings dialog and remove it.
WARNING: [IP_Flow 19-2248] Failed to load user IP repository 'c:/Users/backup_files1/new/ov7670_hdmi/ov7670_alinx/vivado'; Can't find the specified path.
If this directory should no longer be in your list of user repositories, go to the IP Settings dialog and remove it.
WARNING: [IP_Flow 19-2248] Failed to load user IP repository 'c:/Users/backup_files1/new/ZYNQ/HDMI_TPG/HDMI_TPG/HDMI_TPG.srcs/sources_1/bd/system/ip/system_hdmi_tx_0_0'; Can't find the specified path.
If this directory should no longer be in your list of user repositories, go to the IP Settings dialog and remove it.
WARNING: [IP_Flow 19-2248] Failed to load user IP repository 'c:/Users/backup_files1/new/ZYNQ/HDMI_TPG/HDMI_TPG/HDMI_TPG.srcs/sources_1/bd/system/ip/system_axi_dispctrl_0_0'; Can't find the specified path.
If this directory should no longer be in your list of user repositories, go to the IP Settings dialog and remove it.
WARNING: [IP_Flow 19-1694] Ignoring duplicate Bus Definition IP file 'digilentinc.com:interface:tmds:1.0' found within IP repository 'c:/Users/antar/Desktop/Test1/CH12_OV7670_HDMI/repo'.
File in use: c:/Users/antar/Desktop/Test1/CH12_OV7670_HDMI/repo/digilent/if/tmds_v1_0/tmds.xml
File ignored: c:/Users/antar/Desktop/Test1/CH12_OV7670_HDMI/repo/if/tmds_v1_0/tmds.xml
WARNING: [IP_Flow 19-1694] Ignoring duplicate Bus Abstraction IP file 'digilentinc.com:interface:tmds_rtl:1.0' found within IP repository 'c:/Users/antar/Desktop/Test1/CH12_OV7670_HDMI/repo'.
File in use: c:/Users/antar/Desktop/Test1/CH12_OV7670_HDMI/repo/digilent/if/tmds_v1_0/tmds_rtl.xml
File ignored: c:/Users/antar/Desktop/Test1/CH12_OV7670_HDMI/repo/if/tmds_v1_0/tmds_rtl.xml
INFO: [IP_Flow 19-1700] Loaded user IP repository 'c:/Users/antar/Desktop/Test1/CH12_OV7670_HDMI/repo'.
INFO: [IP_Flow 19-2313] Loaded Vivado IP repository 'C:/Xilinx/Vivado/2019.1/data/ip'.
WARNING: [IP_Flow 19-1663] Duplicate IP found for 'digilentinc.com:ip:axi_dynclk:1.0'. The one found in IP location 'c:/Users/antar/Desktop/Test1/CH12_OV7670_HDMI/repo/digilent/ip/axi_dynclk_v1_0' will take precedence over the same IP in location c:/Users/antar/Desktop/Test1/CH12_OV7670_HDMI/repo/ip/axi_dynclk_v1_0
open_project: Time (s): cpu = 00:00:09 ; elapsed = 00:00:08 . Memory (MB): peak = 799.637 ; gain = 170.398
update_compile_order -fileset sources_1
open_bd_design {C:/Users/antar/Desktop/Test1/CH12_OV7670_HDMI/ov7670_hdmi.srcs/sources_1/bd/design_1/design_1.bd}
Adding component instance block -- digilentinc.com:ip:axi_dynclk:1.0 - axi_dynclk_0
Adding component instance block -- xilinx.com:ip:v_axi4s_vid_out:4.0 - v_axi4s_vid_out_0
Adding component instance block -- xilinx.com:ip:xlconcat:2.1 - xlconcat_0
Adding component instance block -- digilentinc.com:ip:rgb2dvi:1.3 - rgb2dvi_0
Adding component instance block -- xilinx.com:ip:axi_interconnect:2.1 - axi_interconnect_0
Adding component instance block -- xilinx.com:ip:axi_crossbar:2.1 - xbar
Adding component instance block -- xilinx.com:ip:axi_protocol_converter:2.1 - auto_pc
Adding component instance block -- xilinx.com:ip:axi_interconnect:2.1 - axi_interconnect_1
Adding component instance block -- xilinx.com:ip:axi_crossbar:2.1 - xbar
Adding component instance block -- xilinx.com:ip:axi_protocol_converter:2.1 - auto_pc
Adding component instance block -- xilinx.com:ip:axi_vdma:6.3 - axi_vdma_1
Adding component instance block -- xilinx.com:ip:axi_vdma:6.3 - axi_vdma_0
Adding component instance block -- xilinx.com:user:ov7670_axi_stream_capture:1.0 - ov7670_axi_stream_ca_1
Adding component instance block -- xilinx.com:ip:v_tc:6.1 - v_tc_1
Adding component instance block -- Aerotenna:user:ov7670_debounce:1.0 - ov7670_debounce_0
Adding component instance block -- xilinx.com:user:ov7670_controller:1.0 - ov7670_controller_0
Adding component instance block -- xilinx.com:ip:clk_wiz:6.0 - clk_wiz_0
Adding component instance block -- xilinx.com:ip:proc_sys_reset:5.0 - proc_sys_reset_150
Adding component instance block -- xilinx.com:ip:processing_system7:5.5 - processing_system7_0
Adding component instance block -- xilinx.com:ip:proc_sys_reset:5.0 - rst_ps7_0_100M
WARNING: [BD 41-1731] Type mismatch between connected pins: /axi_dynclk_0/LOCKED_O(undef) and /v_tc_1/resetn(rst)
WARNING: [BD 41-1731] Type mismatch between connected pins: /v_axi4s_vid_out_0/vtg_ce(undef) and /rgb2dvi_0/aRst_n(rst)
Successfully read diagram <design_1> from BD file <C:/Users/antar/Desktop/Test1/CH12_OV7670_HDMI/ov7670_hdmi.srcs/sources_1/bd/design_1/design_1.bd>
open_bd_design: Time (s): cpu = 00:00:06 ; elapsed = 00:00:07 . Memory (MB): peak = 940.734 ; gain = 25.070
synth_design -rtl -name rtl_1
Command: synth_design -rtl -name rtl_1
Starting synth_design
Using part: xc7z010clg400-1
Top: design_1_wrapper
INFO: [Device 21-403] Loading part xc7z010clg400-1
---------------------------------------------------------------------------------
Starting RTL Elaboration : Time (s): cpu = 00:00:08 ; elapsed = 00:00:11 . Memory (MB): peak = 1325.266 ; gain = 172.910
---------------------------------------------------------------------------------
WARNING: [Synth 8-1565] actual for formal port rst is neither a static name nor a globally static expression [c:/Users/antar/Desktop/Test1/CH12_OV7670_HDMI/ov7670_hdmi.srcs/sources_1/bd/design_1/ipshared/9097/src/axi_dynclk.vhd:225]
WARNING: [Synth 8-1565] actual for formal port s1_clkout0 is neither a static name nor a globally static expression [c:/Users/antar/Desktop/Test1/CH12_OV7670_HDMI/ov7670_hdmi.srcs/sources_1/bd/design_1/ipshared/9097/src/axi_dynclk.vhd:227]
WARNING: [Synth 8-1565] actual for formal port s1_clkfbout is neither a static name nor a globally static expression [c:/Users/antar/Desktop/Test1/CH12_OV7670_HDMI/ov7670_hdmi.srcs/sources_1/bd/design_1/ipshared/9097/src/axi_dynclk.vhd:228]
WARNING: [Synth 8-1565] actual for formal port s1_lock is neither a static name nor a globally static expression [c:/Users/antar/Desktop/Test1/CH12_OV7670_HDMI/ov7670_hdmi.srcs/sources_1/bd/design_1/ipshared/9097/src/axi_dynclk.vhd:230]
INFO: [Common 17-41] Interrupt caught. Command should exit soon.
INFO: [Common 17-344] 'source' was cancelled
3 Infos, 4 Warnings, 0 Critical Warnings and 0 Errors encountered.
synth_design completed successfully
synth_design: Time (s): cpu = 00:04:58 ; elapsed = 00:06:48 . Memory (MB): peak = 1555.910 ; gain = 612.066
INFO: [Common 17-344] 'synth_design' was cancelled
WARNING: [IP_Flow 19-474] Invalid Parameter 'Component_Name'
WARNING: [IP_Flow 19-474] Invalid Parameter 'Component_Name'
WARNING: [IP_Flow 19-474] Invalid Parameter 'Component_Name'
exit
INFO: [Common 17-206] Exiting Vivado at Sat Sep  9 23:54:27 2023...
