#-----------------------------------------------------------
# Vivado v2019.1 (64-bit)
# SW Build 2552052 on Fri May 24 14:49:42 MDT 2019
# IP Build 2548770 on Fri May 24 18:01:18 MDT 2019
# Start of session at: Thu Oct  5 06:31:33 2023
# Process ID: 29796
# Current directory: C:/Users/antar/Desktop/Test2/CH12_OV7670_HDMI
# Command line: vivado.exe -gui_launcher_event rodinguilauncherevent14804 C:\Users\antar\Desktop\Test2\CH12_OV7670_HDMI\ov7670_hdmi.xpr
# Log file: C:/Users/antar/Desktop/Test2/CH12_OV7670_HDMI/vivado.log
# Journal file: C:/Users/antar/Desktop/Test2/CH12_OV7670_HDMI\vivado.jou
#-----------------------------------------------------------
start_gui
open_project C:/Users/antar/Desktop/Test2/CH12_OV7670_HDMI/ov7670_hdmi.xpr
INFO: [Project 1-313] Project file moved from 'C:/Users/shahul/Downloads/OV7670_HDMI/OV7670_HDMI' since last save.
Scanning sources...
Finished scanning sources
WARNING: [filemgmt 56-3] IP Repository Path: Could not find the directory 'C:/Users/backup_files1/new/zynq/ov7670_ip_capture/32to24bit1'.
WARNING: [filemgmt 56-3] IP Repository Path: Could not find the directory 'C:/Users/backup_files1/new/ov7670_hdmi/ov7670_alinx/vivado'.
WARNING: [filemgmt 56-3] IP Repository Path: Could not find the directory 'C:/Users/backup_files1/new/ZYNQ/HDMI_TPG/HDMI_TPG/HDMI_TPG.srcs/sources_1/bd/system/ip/system_hdmi_tx_0_0'.
WARNING: [filemgmt 56-3] IP Repository Path: Could not find the directory 'C:/Users/backup_files1/new/ZYNQ/HDMI_TPG/HDMI_TPG/HDMI_TPG.srcs/sources_1/bd/system/ip/system_axi_dispctrl_0_0'.
INFO: [IP_Flow 19-234] Refreshing IP repositories
WARNING: [IP_Flow 19-2248] Failed to load user IP repository 'c:/Users/backup_files1/new/zynq/ov7670_ip_capture/32to24bit1'; Can't find the specified path.
If this directory should no longer be in your list of user repositories, go to the IP Settings dialog and remove it.
WARNING: [IP_Flow 19-2248] Failed to load user IP repository 'c:/Users/backup_files1/new/ov7670_hdmi/ov7670_alinx/vivado'; Can't find the specified path.
If this directory should no longer be in your list of user repositories, go to the IP Settings dialog and remove it.
WARNING: [IP_Flow 19-2248] Failed to load user IP repository 'c:/Users/backup_files1/new/ZYNQ/HDMI_TPG/HDMI_TPG/HDMI_TPG.srcs/sources_1/bd/system/ip/system_hdmi_tx_0_0'; Can't find the specified path.
If this directory should no longer be in your list of user repositories, go to the IP Settings dialog and remove it.
WARNING: [IP_Flow 19-2248] Failed to load user IP repository 'c:/Users/backup_files1/new/ZYNQ/HDMI_TPG/HDMI_TPG/HDMI_TPG.srcs/sources_1/bd/system/ip/system_axi_dispctrl_0_0'; Can't find the specified path.
If this directory should no longer be in your list of user repositories, go to the IP Settings dialog and remove it.
WARNING: [IP_Flow 19-1694] Ignoring duplicate Bus Definition IP file 'digilentinc.com:interface:tmds:1.0' found within IP repository 'c:/Users/antar/Desktop/Test2/CH12_OV7670_HDMI/repo'.
File in use: c:/Users/antar/Desktop/Test2/CH12_OV7670_HDMI/repo/digilent/if/tmds_v1_0/tmds.xml
File ignored: c:/Users/antar/Desktop/Test2/CH12_OV7670_HDMI/repo/if/tmds_v1_0/tmds.xml
WARNING: [IP_Flow 19-1694] Ignoring duplicate Bus Abstraction IP file 'digilentinc.com:interface:tmds_rtl:1.0' found within IP repository 'c:/Users/antar/Desktop/Test2/CH12_OV7670_HDMI/repo'.
File in use: c:/Users/antar/Desktop/Test2/CH12_OV7670_HDMI/repo/digilent/if/tmds_v1_0/tmds_rtl.xml
File ignored: c:/Users/antar/Desktop/Test2/CH12_OV7670_HDMI/repo/if/tmds_v1_0/tmds_rtl.xml
INFO: [IP_Flow 19-1700] Loaded user IP repository 'c:/Users/antar/Desktop/Test2/CH12_OV7670_HDMI/repo'.
INFO: [IP_Flow 19-2313] Loaded Vivado IP repository 'C:/Xilinx/Vivado/2019.1/data/ip'.
WARNING: [IP_Flow 19-1663] Duplicate IP found for 'digilentinc.com:ip:axi_dynclk:1.0'. The one found in IP location 'c:/Users/antar/Desktop/Test2/CH12_OV7670_HDMI/repo/digilent/ip/axi_dynclk_v1_0' will take precedence over the same IP in location c:/Users/antar/Desktop/Test2/CH12_OV7670_HDMI/repo/ip/axi_dynclk_v1_0
open_project: Time (s): cpu = 00:00:07 ; elapsed = 00:00:09 . Memory (MB): peak = 753.348 ; gain = 154.879
update_compile_order -fileset sources_1
open_bd_design {C:/Users/antar/Desktop/Test2/CH12_OV7670_HDMI/ov7670_hdmi.srcs/sources_1/bd/design_1/design_1.bd}
Adding component instance block -- digilentinc.com:ip:axi_dynclk:1.0 - axi_dynclk_0
Adding component instance block -- xilinx.com:ip:v_axi4s_vid_out:4.0 - v_axi4s_vid_out_0
Adding component instance block -- xilinx.com:ip:xlconcat:2.1 - xlconcat_0
Adding component instance block -- digilentinc.com:ip:rgb2dvi:1.3 - rgb2dvi_0
Adding component instance block -- xilinx.com:ip:axi_interconnect:2.1 - axi_interconnect_0
Adding component instance block -- xilinx.com:ip:axi_crossbar:2.1 - xbar
Adding component instance block -- xilinx.com:ip:axi_protocol_converter:2.1 - auto_pc
Adding component instance block -- xilinx.com:ip:axi_interconnect:2.1 - axi_interconnect_1
Adding component instance block -- xilinx.com:ip:axi_crossbar:2.1 - xbar
Adding component instance block -- xilinx.com:ip:axi_protocol_converter:2.1 - auto_pc
Adding component instance block -- xilinx.com:ip:axi_vdma:6.3 - axi_vdma_1
Adding component instance block -- xilinx.com:ip:axi_vdma:6.3 - axi_vdma_0
Adding component instance block -- xilinx.com:user:ov7670_axi_stream_capture:1.0 - ov7670_axi_stream_ca_1
Adding component instance block -- xilinx.com:ip:v_tc:6.1 - v_tc_1
Adding component instance block -- Aerotenna:user:ov7670_debounce:1.0 - ov7670_debounce_0
Adding component instance block -- xilinx.com:user:ov7670_controller:1.0 - ov7670_controller_0
Adding component instance block -- xilinx.com:ip:clk_wiz:6.0 - clk_wiz_0
Adding component instance block -- xilinx.com:ip:proc_sys_reset:5.0 - proc_sys_reset_150
Adding component instance block -- xilinx.com:ip:processing_system7:5.5 - processing_system7_0
Adding component instance block -- xilinx.com:ip:proc_sys_reset:5.0 - rst_ps7_0_100M
WARNING: [BD 41-1731] Type mismatch between connected pins: /axi_dynclk_0/LOCKED_O(undef) and /v_tc_1/resetn(rst)
WARNING: [BD 41-1731] Type mismatch between connected pins: /v_axi4s_vid_out_0/vtg_ce(undef) and /rgb2dvi_0/aRst_n(rst)
Successfully read diagram <design_1> from BD file <C:/Users/antar/Desktop/Test2/CH12_OV7670_HDMI/ov7670_hdmi.srcs/sources_1/bd/design_1/design_1.bd>
open_bd_design: Time (s): cpu = 00:00:05 ; elapsed = 00:00:08 . Memory (MB): peak = 927.227 ; gain = 70.578
set_property location {3 947 715} [get_bd_cells proc_sys_reset_150]
undo
INFO: [Common 17-17] undo 'set_property location {3 947 715} [get_bd_cells proc_sys_reset_150]'
exit
INFO: [Common 17-206] Exiting Vivado at Thu Oct  5 07:18:01 2023...
